The target system is: Android - 1 - aarch64
The host system is: Linux - 4.4.0-19041-Microsoft - x86_64
Detecting C compiler ABI info compiled with the following output:
Change Dir: /mnt/h/mlsd_postprocess/srccpp/rkbuild/CMakeFiles/CMakeTmp

Run Build Command(s):/usr/bin/make -f Makefile cmTC_040d0/fast && /usr/bin/make  -f CMakeFiles/cmTC_040d0.dir/build.make CMakeFiles/cmTC_040d0.dir/build
make[1]: Entering directory '/mnt/h/mlsd_postprocess/srccpp/rkbuild/CMakeFiles/CMakeTmp'
Building C object CMakeFiles/cmTC_040d0.dir/CMakeCCompilerABI.c.o
/mnt/d/android-ndk-r21e/toolchains/llvm/prebuilt/linux-x86_64/bin/clang --target=aarch64-none-linux-android24 --gcc-toolchain=/mnt/d/android-ndk-r21e/toolchains/llvm/prebuilt/linux-x86_64 --sysroot=/mnt/d/android-ndk-r21e/toolchains/llvm/prebuilt/linux-x86_64/sysroot   -g -DANDROID -fdata-sections -ffunction-sections -funwind-tables -fstack-protector-strong -no-canonical-prefixes -D_FORTIFY_SOURCE=2 -Wformat   -fPIE   -v -MD -MT CMakeFiles/cmTC_040d0.dir/CMakeCCompilerABI.c.o -MF CMakeFiles/cmTC_040d0.dir/CMakeCCompilerABI.c.o.d -o CMakeFiles/cmTC_040d0.dir/CMakeCCompilerABI.c.o -c /usr/local/share/cmake-3.22/Modules/CMakeCCompilerABI.c
Android (7019983 based on r365631c3) clang version 9.0.9 (https://android.googlesource.com/toolchain/llvm-project a2a1e703c0edb03ba29944e529ccbf457742737b) (based on LLVM 9.0.9svn)
Target: aarch64-none-linux-android24
Thread model: posix
InstalledDir: /mnt/d/android-ndk-r21e/toolchains/llvm/prebuilt/linux-x86_64/bin
Found candidate GCC installation: /mnt/d/android-ndk-r21e/toolchains/llvm/prebuilt/linux-x86_64/lib/gcc/aarch64-linux-android/4.9.x
Selected GCC installation: /mnt/d/android-ndk-r21e/toolchains/llvm/prebuilt/linux-x86_64/lib/gcc/aarch64-linux-android/4.9.x
Candidate multilib: .;@m64
Selected multilib: .;@m64
 "/mnt/d/android-ndk-r21e/toolchains/llvm/prebuilt/linux-x86_64/bin/clang" -cc1 -triple aarch64-none-linux-android24 -emit-obj -mrelax-all -mnoexecstack -disable-free -disable-llvm-verifier -discard-value-names -main-file-name CMakeCCompilerABI.c -mrelocation-model pic -pic-level 2 -pic-is-pie -mthread-model posix -mdisable-fp-elim -masm-verbose -mconstructor-aliases -munwind-tables -fuse-init-array -target-cpu generic -target-feature +neon -target-abi aapcs -mllvm -aarch64-fix-cortex-a53-835769=1 -fallow-half-arguments-and-returns -dwarf-column-info -debug-info-kind=limited -dwarf-version=4 -debugger-tuning=gdb -v -ffunction-sections -fdata-sections -coverage-notes-file /mnt/h/mlsd_postprocess/srccpp/rkbuild/CMakeFiles/CMakeTmp/CMakeFiles/cmTC_040d0.dir/CMakeCCompilerABI.c.gcno -resource-dir /mnt/d/android-ndk-r21e/toolchains/llvm/prebuilt/linux-x86_64/lib64/clang/9.0.9 -dependency-file CMakeFiles/cmTC_040d0.dir/CMakeCCompilerABI.c.o.d -sys-header-deps -MT CMakeFiles/cmTC_040d0.dir/CMakeCCompilerABI.c.o -D ANDROID -D _FORTIFY_SOURCE=2 -isysroot /mnt/d/android-ndk-r21e/toolchains/llvm/prebuilt/linux-x86_64/sysroot -internal-isystem /mnt/d/android-ndk-r21e/toolchains/llvm/prebuilt/linux-x86_64/sysroot/usr/local/include -internal-isystem /mnt/d/android-ndk-r21e/toolchains/llvm/prebuilt/linux-x86_64/lib64/clang/9.0.9/include -internal-externc-isystem /mnt/d/android-ndk-r21e/toolchains/llvm/prebuilt/linux-x86_64/sysroot/usr/include/aarch64-linux-android -internal-externc-isystem /mnt/d/android-ndk-r21e/toolchains/llvm/prebuilt/linux-x86_64/sysroot/include -internal-externc-isystem /mnt/d/android-ndk-r21e/toolchains/llvm/prebuilt/linux-x86_64/sysroot/usr/include -Wformat -fdebug-compilation-dir /mnt/h/mlsd_postprocess/srccpp/rkbuild/CMakeFiles/CMakeTmp -ferror-limit 19 -fmessage-length 0 -stack-protector 2 -fno-signed-char -fobjc-runtime=gcc -fdiagnostics-show-option -o CMakeFiles/cmTC_040d0.dir/CMakeCCompilerABI.c.o -x c /usr/local/share/cmake-3.22/Modules/CMakeCCompilerABI.c
clang -cc1 version 9.0.9 based upon LLVM 9.0.9svn default target x86_64-unknown-linux-gnu
ignoring nonexistent directory "/mnt/d/android-ndk-r21e/toolchains/llvm/prebuilt/linux-x86_64/sysroot/include"
#include "..." search starts here:
#include <...> search starts here:
 /mnt/d/android-ndk-r21e/toolchains/llvm/prebuilt/linux-x86_64/sysroot/usr/local/include
 /mnt/d/android-ndk-r21e/toolchains/llvm/prebuilt/linux-x86_64/lib64/clang/9.0.9/include
 /mnt/d/android-ndk-r21e/toolchains/llvm/prebuilt/linux-x86_64/sysroot/usr/include/aarch64-linux-android
 /mnt/d/android-ndk-r21e/toolchains/llvm/prebuilt/linux-x86_64/sysroot/usr/include
End of search list.
Linking C executable cmTC_040d0
/usr/local/bin/cmake -E cmake_link_script CMakeFiles/cmTC_040d0.dir/link.txt --verbose=1
/mnt/d/android-ndk-r21e/toolchains/llvm/prebuilt/linux-x86_64/bin/clang --target=aarch64-none-linux-android24 --gcc-toolchain=/mnt/d/android-ndk-r21e/toolchains/llvm/prebuilt/linux-x86_64 --sysroot=/mnt/d/android-ndk-r21e/toolchains/llvm/prebuilt/linux-x86_64/sysroot -g -DANDROID -fdata-sections -ffunction-sections -funwind-tables -fstack-protector-strong -no-canonical-prefixes -D_FORTIFY_SOURCE=2 -Wformat   -Wl,--exclude-libs,libgcc.a -Wl,--exclude-libs,libgcc_real.a -Wl,--exclude-libs,libatomic.a -static-libstdc++ -Wl,--build-id -Wl,--fatal-warnings -Wl,--no-undefined -Qunused-arguments -Wl,--gc-sections  -v CMakeFiles/cmTC_040d0.dir/CMakeCCompilerABI.c.o -o cmTC_040d0 
Android (7019983 based on r365631c3) clang version 9.0.9 (https://android.googlesource.com/toolchain/llvm-project a2a1e703c0edb03ba29944e529ccbf457742737b) (based on LLVM 9.0.9svn)
Target: aarch64-none-linux-android24
Thread model: posix
InstalledDir: /mnt/d/android-ndk-r21e/toolchains/llvm/prebuilt/linux-x86_64/bin
Found candidate GCC installation: /mnt/d/android-ndk-r21e/toolchains/llvm/prebuilt/linux-x86_64/lib/gcc/aarch64-linux-android/4.9.x
Selected GCC installation: /mnt/d/android-ndk-r21e/toolchains/llvm/prebuilt/linux-x86_64/lib/gcc/aarch64-linux-android/4.9.x
Candidate multilib: .;@m64
Selected multilib: .;@m64
 "/mnt/d/android-ndk-r21e/toolchains/llvm/prebuilt/linux-x86_64/lib/gcc/aarch64-linux-android/4.9.x/../../../../aarch64-linux-android/bin/ld" --sysroot=/mnt/d/android-ndk-r21e/toolchains/llvm/prebuilt/linux-x86_64/sysroot -pie -z noexecstack -EL --fix-cortex-a53-843419 --warn-shared-textrel -z now -z relro -z max-page-size=4096 --hash-style=gnu --enable-new-dtags --eh-frame-hdr -m aarch64linux -dynamic-linker /system/bin/linker64 -o cmTC_040d0 /mnt/d/android-ndk-r21e/toolchains/llvm/prebuilt/linux-x86_64/sysroot/usr/lib/aarch64-linux-android/24/crtbegin_dynamic.o -L/mnt/d/android-ndk-r21e/toolchains/llvm/prebuilt/linux-x86_64/lib64/clang/9.0.9/lib/linux/aarch64 -L/mnt/d/android-ndk-r21e/toolchains/llvm/prebuilt/linux-x86_64/lib/gcc/aarch64-linux-android/4.9.x -L/mnt/d/android-ndk-r21e/toolchains/llvm/prebuilt/linux-x86_64/lib/gcc/aarch64-linux-android/4.9.x/../../../../aarch64-linux-android/lib/../lib64 -L/mnt/d/android-ndk-r21e/toolchains/llvm/prebuilt/linux-x86_64/sysroot/usr/lib/aarch64-linux-android/24 -L/mnt/d/android-ndk-r21e/toolchains/llvm/prebuilt/linux-x86_64/sysroot/usr/lib/aarch64-linux-android -L/mnt/d/android-ndk-r21e/toolchains/llvm/prebuilt/linux-x86_64/lib/gcc/aarch64-linux-android/4.9.x/../../../../aarch64-linux-android/lib -L/mnt/d/android-ndk-r21e/toolchains/llvm/prebuilt/linux-x86_64/sysroot/usr/lib --exclude-libs libgcc.a --exclude-libs libgcc_real.a --exclude-libs libatomic.a --build-id --fatal-warnings --no-undefined --gc-sections CMakeFiles/cmTC_040d0.dir/CMakeCCompilerABI.c.o -lgcc -ldl -lc -lgcc -ldl /mnt/d/android-ndk-r21e/toolchains/llvm/prebuilt/linux-x86_64/sysroot/usr/lib/aarch64-linux-android/24/crtend_android.o
make[1]: Leaving directory '/mnt/h/mlsd_postprocess/srccpp/rkbuild/CMakeFiles/CMakeTmp'



Parsed C implicit include dir info from above output: rv=done
  found start of include info
  found start of implicit include info
    add: [/mnt/d/android-ndk-r21e/toolchains/llvm/prebuilt/linux-x86_64/sysroot/usr/local/include]
    add: [/mnt/d/android-ndk-r21e/toolchains/llvm/prebuilt/linux-x86_64/lib64/clang/9.0.9/include]
    add: [/mnt/d/android-ndk-r21e/toolchains/llvm/prebuilt/linux-x86_64/sysroot/usr/include/aarch64-linux-android]
    add: [/mnt/d/android-ndk-r21e/toolchains/llvm/prebuilt/linux-x86_64/sysroot/usr/include]
  end of search list found
  collapse include dir [/mnt/d/android-ndk-r21e/toolchains/llvm/prebuilt/linux-x86_64/sysroot/usr/local/include] ==> [/mnt/d/android-ndk-r21e/toolchains/llvm/prebuilt/linux-x86_64/sysroot/usr/local/include]
  collapse include dir [/mnt/d/android-ndk-r21e/toolchains/llvm/prebuilt/linux-x86_64/lib64/clang/9.0.9/include] ==> [/mnt/d/android-ndk-r21e/toolchains/llvm/prebuilt/linux-x86_64/lib64/clang/9.0.9/include]
  collapse include dir [/mnt/d/android-ndk-r21e/toolchains/llvm/prebuilt/linux-x86_64/sysroot/usr/include/aarch64-linux-android] ==> [/mnt/d/android-ndk-r21e/toolchains/llvm/prebuilt/linux-x86_64/sysroot/usr/include/aarch64-linux-android]
  collapse include dir [/mnt/d/android-ndk-r21e/toolchains/llvm/prebuilt/linux-x86_64/sysroot/usr/include] ==> [/mnt/d/android-ndk-r21e/toolchains/llvm/prebuilt/linux-x86_64/sysroot/usr/include]
  implicit include dirs: [/mnt/d/android-ndk-r21e/toolchains/llvm/prebuilt/linux-x86_64/sysroot/usr/local/include;/mnt/d/android-ndk-r21e/toolchains/llvm/prebuilt/linux-x86_64/lib64/clang/9.0.9/include;/mnt/d/android-ndk-r21e/toolchains/llvm/prebuilt/linux-x86_64/sysroot/usr/include/aarch64-linux-android;/mnt/d/android-ndk-r21e/toolchains/llvm/prebuilt/linux-x86_64/sysroot/usr/include]


Parsed C implicit link information from above output:
  link line regex: [^( *|.*[/\])(ld\.lld|CMAKE_LINK_STARTFILE-NOTFOUND|([^/\]+-)?ld|collect2)[^/\]*( |$)]
  ignore line: [Change Dir: /mnt/h/mlsd_postprocess/srccpp/rkbuild/CMakeFiles/CMakeTmp]
  ignore line: []
  ignore line: [Run Build Command(s):/usr/bin/make -f Makefile cmTC_040d0/fast && /usr/bin/make  -f CMakeFiles/cmTC_040d0.dir/build.make CMakeFiles/cmTC_040d0.dir/build]
  ignore line: [make[1]: Entering directory '/mnt/h/mlsd_postprocess/srccpp/rkbuild/CMakeFiles/CMakeTmp']
  ignore line: [Building C object CMakeFiles/cmTC_040d0.dir/CMakeCCompilerABI.c.o]
  ignore line: [/mnt/d/android-ndk-r21e/toolchains/llvm/prebuilt/linux-x86_64/bin/clang --target=aarch64-none-linux-android24 --gcc-toolchain=/mnt/d/android-ndk-r21e/toolchains/llvm/prebuilt/linux-x86_64 --sysroot=/mnt/d/android-ndk-r21e/toolchains/llvm/prebuilt/linux-x86_64/sysroot   -g -DANDROID -fdata-sections -ffunction-sections -funwind-tables -fstack-protector-strong -no-canonical-prefixes -D_FORTIFY_SOURCE=2 -Wformat   -fPIE   -v -MD -MT CMakeFiles/cmTC_040d0.dir/CMakeCCompilerABI.c.o -MF CMakeFiles/cmTC_040d0.dir/CMakeCCompilerABI.c.o.d -o CMakeFiles/cmTC_040d0.dir/CMakeCCompilerABI.c.o -c /usr/local/share/cmake-3.22/Modules/CMakeCCompilerABI.c]
  ignore line: [Android (7019983 based on r365631c3) clang version 9.0.9 (https://android.googlesource.com/toolchain/llvm-project a2a1e703c0edb03ba29944e529ccbf457742737b) (based on LLVM 9.0.9svn)]
  ignore line: [Target: aarch64-none-linux-android24]
  ignore line: [Thread model: posix]
  ignore line: [InstalledDir: /mnt/d/android-ndk-r21e/toolchains/llvm/prebuilt/linux-x86_64/bin]
  ignore line: [Found candidate GCC installation: /mnt/d/android-ndk-r21e/toolchains/llvm/prebuilt/linux-x86_64/lib/gcc/aarch64-linux-android/4.9.x]
  ignore line: [Selected GCC installation: /mnt/d/android-ndk-r21e/toolchains/llvm/prebuilt/linux-x86_64/lib/gcc/aarch64-linux-android/4.9.x]
  ignore line: [Candidate multilib: .]
  ignore line: [@m64]
  ignore line: [Selected multilib: .]
  ignore line: [@m64]
  ignore line: [ "/mnt/d/android-ndk-r21e/toolchains/llvm/prebuilt/linux-x86_64/bin/clang" -cc1 -triple aarch64-none-linux-android24 -emit-obj -mrelax-all -mnoexecstack -disable-free -disable-llvm-verifier -discard-value-names -main-file-name CMakeCCompilerABI.c -mrelocation-model pic -pic-level 2 -pic-is-pie -mthread-model posix -mdisable-fp-elim -masm-verbose -mconstructor-aliases -munwind-tables -fuse-init-array -target-cpu generic -target-feature +neon -target-abi aapcs -mllvm -aarch64-fix-cortex-a53-835769=1 -fallow-half-arguments-and-returns -dwarf-column-info -debug-info-kind=limited -dwarf-version=4 -debugger-tuning=gdb -v -ffunction-sections -fdata-sections -coverage-notes-file /mnt/h/mlsd_postprocess/srccpp/rkbuild/CMakeFiles/CMakeTmp/CMakeFiles/cmTC_040d0.dir/CMakeCCompilerABI.c.gcno -resource-dir /mnt/d/android-ndk-r21e/toolchains/llvm/prebuilt/linux-x86_64/lib64/clang/9.0.9 -dependency-file CMakeFiles/cmTC_040d0.dir/CMakeCCompilerABI.c.o.d -sys-header-deps -MT CMakeFiles/cmTC_040d0.dir/CMakeCCompilerABI.c.o -D ANDROID -D _FORTIFY_SOURCE=2 -isysroot /mnt/d/android-ndk-r21e/toolchains/llvm/prebuilt/linux-x86_64/sysroot -internal-isystem /mnt/d/android-ndk-r21e/toolchains/llvm/prebuilt/linux-x86_64/sysroot/usr/local/include -internal-isystem /mnt/d/android-ndk-r21e/toolchains/llvm/prebuilt/linux-x86_64/lib64/clang/9.0.9/include -internal-externc-isystem /mnt/d/android-ndk-r21e/toolchains/llvm/prebuilt/linux-x86_64/sysroot/usr/include/aarch64-linux-android -internal-externc-isystem /mnt/d/android-ndk-r21e/toolchains/llvm/prebuilt/linux-x86_64/sysroot/include -internal-externc-isystem /mnt/d/android-ndk-r21e/toolchains/llvm/prebuilt/linux-x86_64/sysroot/usr/include -Wformat -fdebug-compilation-dir /mnt/h/mlsd_postprocess/srccpp/rkbuild/CMakeFiles/CMakeTmp -ferror-limit 19 -fmessage-length 0 -stack-protector 2 -fno-signed-char -fobjc-runtime=gcc -fdiagnostics-show-option -o CMakeFiles/cmTC_040d0.dir/CMakeCCompilerABI.c.o -x c /usr/local/share/cmake-3.22/Modules/CMakeCCompilerABI.c]
  ignore line: [clang -cc1 version 9.0.9 based upon LLVM 9.0.9svn default target x86_64-unknown-linux-gnu]
  ignore line: [ignoring nonexistent directory "/mnt/d/android-ndk-r21e/toolchains/llvm/prebuilt/linux-x86_64/sysroot/include"]
  ignore line: [#include "..." search starts here:]
  ignore line: [#include <...> search starts here:]
  ignore line: [ /mnt/d/android-ndk-r21e/toolchains/llvm/prebuilt/linux-x86_64/sysroot/usr/local/include]
  ignore line: [ /mnt/d/android-ndk-r21e/toolchains/llvm/prebuilt/linux-x86_64/lib64/clang/9.0.9/include]
  ignore line: [ /mnt/d/android-ndk-r21e/toolchains/llvm/prebuilt/linux-x86_64/sysroot/usr/include/aarch64-linux-android]
  ignore line: [ /mnt/d/android-ndk-r21e/toolchains/llvm/prebuilt/linux-x86_64/sysroot/usr/include]
  ignore line: [End of search list.]
  ignore line: [Linking C executable cmTC_040d0]
  ignore line: [/usr/local/bin/cmake -E cmake_link_script CMakeFiles/cmTC_040d0.dir/link.txt --verbose=1]
  ignore line: [/mnt/d/android-ndk-r21e/toolchains/llvm/prebuilt/linux-x86_64/bin/clang --target=aarch64-none-linux-android24 --gcc-toolchain=/mnt/d/android-ndk-r21e/toolchains/llvm/prebuilt/linux-x86_64 --sysroot=/mnt/d/android-ndk-r21e/toolchains/llvm/prebuilt/linux-x86_64/sysroot -g -DANDROID -fdata-sections -ffunction-sections -funwind-tables -fstack-protector-strong -no-canonical-prefixes -D_FORTIFY_SOURCE=2 -Wformat   -Wl --exclude-libs libgcc.a -Wl --exclude-libs libgcc_real.a -Wl --exclude-libs libatomic.a -static-libstdc++ -Wl --build-id -Wl --fatal-warnings -Wl --no-undefined -Qunused-arguments -Wl --gc-sections  -v CMakeFiles/cmTC_040d0.dir/CMakeCCompilerABI.c.o -o cmTC_040d0 ]
  ignore line: [Android (7019983 based on r365631c3) clang version 9.0.9 (https://android.googlesource.com/toolchain/llvm-project a2a1e703c0edb03ba29944e529ccbf457742737b) (based on LLVM 9.0.9svn)]
  ignore line: [Target: aarch64-none-linux-android24]
  ignore line: [Thread model: posix]
  ignore line: [InstalledDir: /mnt/d/android-ndk-r21e/toolchains/llvm/prebuilt/linux-x86_64/bin]
  ignore line: [Found candidate GCC installation: /mnt/d/android-ndk-r21e/toolchains/llvm/prebuilt/linux-x86_64/lib/gcc/aarch64-linux-android/4.9.x]
  ignore line: [Selected GCC installation: /mnt/d/android-ndk-r21e/toolchains/llvm/prebuilt/linux-x86_64/lib/gcc/aarch64-linux-android/4.9.x]
  ignore line: [Candidate multilib: .]
  ignore line: [@m64]
  ignore line: [Selected multilib: .]
  ignore line: [@m64]
  link line: [ "/mnt/d/android-ndk-r21e/toolchains/llvm/prebuilt/linux-x86_64/lib/gcc/aarch64-linux-android/4.9.x/../../../../aarch64-linux-android/bin/ld" --sysroot=/mnt/d/android-ndk-r21e/toolchains/llvm/prebuilt/linux-x86_64/sysroot -pie -z noexecstack -EL --fix-cortex-a53-843419 --warn-shared-textrel -z now -z relro -z max-page-size=4096 --hash-style=gnu --enable-new-dtags --eh-frame-hdr -m aarch64linux -dynamic-linker /system/bin/linker64 -o cmTC_040d0 /mnt/d/android-ndk-r21e/toolchains/llvm/prebuilt/linux-x86_64/sysroot/usr/lib/aarch64-linux-android/24/crtbegin_dynamic.o -L/mnt/d/android-ndk-r21e/toolchains/llvm/prebuilt/linux-x86_64/lib64/clang/9.0.9/lib/linux/aarch64 -L/mnt/d/android-ndk-r21e/toolchains/llvm/prebuilt/linux-x86_64/lib/gcc/aarch64-linux-android/4.9.x -L/mnt/d/android-ndk-r21e/toolchains/llvm/prebuilt/linux-x86_64/lib/gcc/aarch64-linux-android/4.9.x/../../../../aarch64-linux-android/lib/../lib64 -L/mnt/d/android-ndk-r21e/toolchains/llvm/prebuilt/linux-x86_64/sysroot/usr/lib/aarch64-linux-android/24 -L/mnt/d/android-ndk-r21e/toolchains/llvm/prebuilt/linux-x86_64/sysroot/usr/lib/aarch64-linux-android -L/mnt/d/android-ndk-r21e/toolchains/llvm/prebuilt/linux-x86_64/lib/gcc/aarch64-linux-android/4.9.x/../../../../aarch64-linux-android/lib -L/mnt/d/android-ndk-r21e/toolchains/llvm/prebuilt/linux-x86_64/sysroot/usr/lib --exclude-libs libgcc.a --exclude-libs libgcc_real.a --exclude-libs libatomic.a --build-id --fatal-warnings --no-undefined --gc-sections CMakeFiles/cmTC_040d0.dir/CMakeCCompilerABI.c.o -lgcc -ldl -lc -lgcc -ldl /mnt/d/android-ndk-r21e/toolchains/llvm/prebuilt/linux-x86_64/sysroot/usr/lib/aarch64-linux-android/24/crtend_android.o]
    arg [/mnt/d/android-ndk-r21e/toolchains/llvm/prebuilt/linux-x86_64/lib/gcc/aarch64-linux-android/4.9.x/../../../../aarch64-linux-android/bin/ld] ==> ignore
    arg [--sysroot=/mnt/d/android-ndk-r21e/toolchains/llvm/prebuilt/linux-x86_64/sysroot] ==> ignore
    arg [-pie] ==> ignore
    arg [-znoexecstack] ==> ignore
    arg [-EL] ==> ignore
    arg [--fix-cortex-a53-843419] ==> ignore
    arg [--warn-shared-textrel] ==> ignore
    arg [-znow] ==> ignore
    arg [-zrelro] ==> ignore
    arg [-zmax-page-size=4096] ==> ignore
    arg [--hash-style=gnu] ==> ignore
    arg [--enable-new-dtags] ==> ignore
    arg [--eh-frame-hdr] ==> ignore
    arg [-m] ==> ignore
    arg [aarch64linux] ==> ignore
    arg [-dynamic-linker] ==> ignore
    arg [/system/bin/linker64] ==> ignore
    arg [-o] ==> ignore
    arg [cmTC_040d0] ==> ignore
    arg [/mnt/d/android-ndk-r21e/toolchains/llvm/prebuilt/linux-x86_64/sysroot/usr/lib/aarch64-linux-android/24/crtbegin_dynamic.o] ==> obj [/mnt/d/android-ndk-r21e/toolchains/llvm/prebuilt/linux-x86_64/sysroot/usr/lib/aarch64-linux-android/24/crtbegin_dynamic.o]
    arg [-L/mnt/d/android-ndk-r21e/toolchains/llvm/prebuilt/linux-x86_64/lib64/clang/9.0.9/lib/linux/aarch64] ==> dir [/mnt/d/android-ndk-r21e/toolchains/llvm/prebuilt/linux-x86_64/lib64/clang/9.0.9/lib/linux/aarch64]
    arg [-L/mnt/d/android-ndk-r21e/toolchains/llvm/prebuilt/linux-x86_64/lib/gcc/aarch64-linux-android/4.9.x] ==> dir [/mnt/d/android-ndk-r21e/toolchains/llvm/prebuilt/linux-x86_64/lib/gcc/aarch64-linux-android/4.9.x]
    arg [-L/mnt/d/android-ndk-r21e/toolchains/llvm/prebuilt/linux-x86_64/lib/gcc/aarch64-linux-android/4.9.x/../../../../aarch64-linux-android/lib/../lib64] ==> dir [/mnt/d/android-ndk-r21e/toolchains/llvm/prebuilt/linux-x86_64/lib/gcc/aarch64-linux-android/4.9.x/../../../../aarch64-linux-android/lib/../lib64]
    arg [-L/mnt/d/android-ndk-r21e/toolchains/llvm/prebuilt/linux-x86_64/sysroot/usr/lib/aarch64-linux-android/24] ==> dir [/mnt/d/android-ndk-r21e/toolchains/llvm/prebuilt/linux-x86_64/sysroot/usr/lib/aarch64-linux-android/24]
    arg [-L/mnt/d/android-ndk-r21e/toolchains/llvm/prebuilt/linux-x86_64/sysroot/usr/lib/aarch64-linux-android] ==> dir [/mnt/d/android-ndk-r21e/toolchains/llvm/prebuilt/linux-x86_64/sysroot/usr/lib/aarch64-linux-android]
    arg [-L/mnt/d/android-ndk-r21e/toolchains/llvm/prebuilt/linux-x86_64/lib/gcc/aarch64-linux-android/4.9.x/../../../../aarch64-linux-android/lib] ==> dir [/mnt/d/android-ndk-r21e/toolchains/llvm/prebuilt/linux-x86_64/lib/gcc/aarch64-linux-android/4.9.x/../../../../aarch64-linux-android/lib]
    arg [-L/mnt/d/android-ndk-r21e/toolchains/llvm/prebuilt/linux-x86_64/sysroot/usr/lib] ==> dir [/mnt/d/android-ndk-r21e/toolchains/llvm/prebuilt/linux-x86_64/sysroot/usr/lib]
    arg [--exclude-libs] ==> ignore
    arg [libgcc.a] ==> ignore
    arg [--exclude-libs] ==> ignore
    arg [libgcc_real.a] ==> ignore
    arg [--exclude-libs] ==> ignore
    arg [libatomic.a] ==> ignore
    arg [--build-id] ==> ignore
    arg [--fatal-warnings] ==> ignore
    arg [--no-undefined] ==> ignore
    arg [--gc-sections] ==> ignore
    arg [CMakeFiles/cmTC_040d0.dir/CMakeCCompilerABI.c.o] ==> ignore
    arg [-lgcc] ==> lib [gcc]
    arg [-ldl] ==> lib [dl]
    arg [-lc] ==> lib [c]
    arg [-lgcc] ==> lib [gcc]
    arg [-ldl] ==> lib [dl]
    arg [/mnt/d/android-ndk-r21e/toolchains/llvm/prebuilt/linux-x86_64/sysroot/usr/lib/aarch64-linux-android/24/crtend_android.o] ==> obj [/mnt/d/android-ndk-r21e/toolchains/llvm/prebuilt/linux-x86_64/sysroot/usr/lib/aarch64-linux-android/24/crtend_android.o]
  collapse library dir [/mnt/d/android-ndk-r21e/toolchains/llvm/prebuilt/linux-x86_64/lib64/clang/9.0.9/lib/linux/aarch64] ==> [/mnt/d/android-ndk-r21e/toolchains/llvm/prebuilt/linux-x86_64/lib64/clang/9.0.9/lib/linux/aarch64]
  collapse library dir [/mnt/d/android-ndk-r21e/toolchains/llvm/prebuilt/linux-x86_64/lib/gcc/aarch64-linux-android/4.9.x] ==> [/mnt/d/android-ndk-r21e/toolchains/llvm/prebuilt/linux-x86_64/lib/gcc/aarch64-linux-android/4.9.x]
  collapse library dir [/mnt/d/android-ndk-r21e/toolchains/llvm/prebuilt/linux-x86_64/lib/gcc/aarch64-linux-android/4.9.x/../../../../aarch64-linux-android/lib/../lib64] ==> [/mnt/d/android-ndk-r21e/toolchains/llvm/prebuilt/linux-x86_64/aarch64-linux-android/lib64]
  collapse library dir [/mnt/d/android-ndk-r21e/toolchains/llvm/prebuilt/linux-x86_64/sysroot/usr/lib/aarch64-linux-android/24] ==> [/mnt/d/android-ndk-r21e/toolchains/llvm/prebuilt/linux-x86_64/sysroot/usr/lib/aarch64-linux-android/24]
  collapse library dir [/mnt/d/android-ndk-r21e/toolchains/llvm/prebuilt/linux-x86_64/sysroot/usr/lib/aarch64-linux-android] ==> [/mnt/d/android-ndk-r21e/toolchains/llvm/prebuilt/linux-x86_64/sysroot/usr/lib/aarch64-linux-android]
  collapse library dir [/mnt/d/android-ndk-r21e/toolchains/llvm/prebuilt/linux-x86_64/lib/gcc/aarch64-linux-android/4.9.x/../../../../aarch64-linux-android/lib] ==> [/mnt/d/android-ndk-r21e/toolchains/llvm/prebuilt/linux-x86_64/aarch64-linux-android/lib]
  collapse library dir [/mnt/d/android-ndk-r21e/toolchains/llvm/prebuilt/linux-x86_64/sysroot/usr/lib] ==> [/mnt/d/android-ndk-r21e/toolchains/llvm/prebuilt/linux-x86_64/sysroot/usr/lib]
  implicit libs: [gcc;dl;c;gcc;dl]
  implicit objs: [/mnt/d/android-ndk-r21e/toolchains/llvm/prebuilt/linux-x86_64/sysroot/usr/lib/aarch64-linux-android/24/crtbegin_dynamic.o;/mnt/d/android-ndk-r21e/toolchains/llvm/prebuilt/linux-x86_64/sysroot/usr/lib/aarch64-linux-android/24/crtend_android.o]
  implicit dirs: [/mnt/d/android-ndk-r21e/toolchains/llvm/prebuilt/linux-x86_64/lib64/clang/9.0.9/lib/linux/aarch64;/mnt/d/android-ndk-r21e/toolchains/llvm/prebuilt/linux-x86_64/lib/gcc/aarch64-linux-android/4.9.x;/mnt/d/android-ndk-r21e/toolchains/llvm/prebuilt/linux-x86_64/aarch64-linux-android/lib64;/mnt/d/android-ndk-r21e/toolchains/llvm/prebuilt/linux-x86_64/sysroot/usr/lib/aarch64-linux-android/24;/mnt/d/android-ndk-r21e/toolchains/llvm/prebuilt/linux-x86_64/sysroot/usr/lib/aarch64-linux-android;/mnt/d/android-ndk-r21e/toolchains/llvm/prebuilt/linux-x86_64/aarch64-linux-android/lib;/mnt/d/android-ndk-r21e/toolchains/llvm/prebuilt/linux-x86_64/sysroot/usr/lib]
  implicit fwks: []


Detecting CXX compiler ABI info compiled with the following output:
Change Dir: /mnt/h/mlsd_postprocess/srccpp/rkbuild/CMakeFiles/CMakeTmp

Run Build Command(s):/usr/bin/make -f Makefile cmTC_237da/fast && /usr/bin/make  -f CMakeFiles/cmTC_237da.dir/build.make CMakeFiles/cmTC_237da.dir/build
make[1]: Entering directory '/mnt/h/mlsd_postprocess/srccpp/rkbuild/CMakeFiles/CMakeTmp'
Building CXX object CMakeFiles/cmTC_237da.dir/CMakeCXXCompilerABI.cpp.o
/mnt/d/android-ndk-r21e/toolchains/llvm/prebuilt/linux-x86_64/bin/clang++ --target=aarch64-none-linux-android24 --gcc-toolchain=/mnt/d/android-ndk-r21e/toolchains/llvm/prebuilt/linux-x86_64 --sysroot=/mnt/d/android-ndk-r21e/toolchains/llvm/prebuilt/linux-x86_64/sysroot   -g -DANDROID -fdata-sections -ffunction-sections -funwind-tables -fstack-protector-strong -no-canonical-prefixes -D_FORTIFY_SOURCE=2 -Wformat    -fPIE   -v -MD -MT CMakeFiles/cmTC_237da.dir/CMakeCXXCompilerABI.cpp.o -MF CMakeFiles/cmTC_237da.dir/CMakeCXXCompilerABI.cpp.o.d -o CMakeFiles/cmTC_237da.dir/CMakeCXXCompilerABI.cpp.o -c /usr/local/share/cmake-3.22/Modules/CMakeCXXCompilerABI.cpp
Android (7019983 based on r365631c3) clang version 9.0.9 (https://android.googlesource.com/toolchain/llvm-project a2a1e703c0edb03ba29944e529ccbf457742737b) (based on LLVM 9.0.9svn)
Target: aarch64-none-linux-android24
Thread model: posix
InstalledDir: /mnt/d/android-ndk-r21e/toolchains/llvm/prebuilt/linux-x86_64/bin
Found candidate GCC installation: /mnt/d/android-ndk-r21e/toolchains/llvm/prebuilt/linux-x86_64/lib/gcc/aarch64-linux-android/4.9.x
Selected GCC installation: /mnt/d/android-ndk-r21e/toolchains/llvm/prebuilt/linux-x86_64/lib/gcc/aarch64-linux-android/4.9.x
Candidate multilib: .;@m64
Selected multilib: .;@m64
 "/mnt/d/android-ndk-r21e/toolchains/llvm/prebuilt/linux-x86_64/bin/clang++" -cc1 -triple aarch64-none-linux-android24 -emit-obj -mrelax-all -mnoexecstack -disable-free -disable-llvm-verifier -discard-value-names -main-file-name CMakeCXXCompilerABI.cpp -mrelocation-model pic -pic-level 2 -pic-is-pie -mthread-model posix -mdisable-fp-elim -masm-verbose -mconstructor-aliases -munwind-tables -fuse-init-array -target-cpu generic -target-feature +neon -target-abi aapcs -mllvm -aarch64-fix-cortex-a53-835769=1 -fallow-half-arguments-and-returns -dwarf-column-info -debug-info-kind=limited -dwarf-version=4 -debugger-tuning=gdb -v -ffunction-sections -fdata-sections -coverage-notes-file /mnt/h/mlsd_postprocess/srccpp/rkbuild/CMakeFiles/CMakeTmp/CMakeFiles/cmTC_237da.dir/CMakeCXXCompilerABI.cpp.gcno -resource-dir /mnt/d/android-ndk-r21e/toolchains/llvm/prebuilt/linux-x86_64/lib64/clang/9.0.9 -dependency-file CMakeFiles/cmTC_237da.dir/CMakeCXXCompilerABI.cpp.o.d -sys-header-deps -MT CMakeFiles/cmTC_237da.dir/CMakeCXXCompilerABI.cpp.o -D ANDROID -D _FORTIFY_SOURCE=2 -isysroot /mnt/d/android-ndk-r21e/toolchains/llvm/prebuilt/linux-x86_64/sysroot -internal-isystem /mnt/d/android-ndk-r21e/toolchains/llvm/prebuilt/linux-x86_64/sysroot/usr/include/c++/v1 -internal-isystem /mnt/d/android-ndk-r21e/toolchains/llvm/prebuilt/linux-x86_64/sysroot/usr/local/include -internal-isystem /mnt/d/android-ndk-r21e/toolchains/llvm/prebuilt/linux-x86_64/lib64/clang/9.0.9/include -internal-externc-isystem /mnt/d/android-ndk-r21e/toolchains/llvm/prebuilt/linux-x86_64/sysroot/usr/include/aarch64-linux-android -internal-externc-isystem /mnt/d/android-ndk-r21e/toolchains/llvm/prebuilt/linux-x86_64/sysroot/include -internal-externc-isystem /mnt/d/android-ndk-r21e/toolchains/llvm/prebuilt/linux-x86_64/sysroot/usr/include -Wformat -fdeprecated-macro -fdebug-compilation-dir /mnt/h/mlsd_postprocess/srccpp/rkbuild/CMakeFiles/CMakeTmp -ferror-limit 19 -fmessage-length 0 -stack-protector 2 -fno-signed-char -fobjc-runtime=gcc -fcxx-exceptions -fexceptions -fdiagnostics-show-option -o CMakeFiles/cmTC_237da.dir/CMakeCXXCompilerABI.cpp.o -x c++ /usr/local/share/cmake-3.22/Modules/CMakeCXXCompilerABI.cpp
clang -cc1 version 9.0.9 based upon LLVM 9.0.9svn default target x86_64-unknown-linux-gnu
ignoring nonexistent directory "/mnt/d/android-ndk-r21e/toolchains/llvm/prebuilt/linux-x86_64/sysroot/include"
#include "..." search starts here:
#include <...> search starts here:
 /mnt/d/android-ndk-r21e/toolchains/llvm/prebuilt/linux-x86_64/sysroot/usr/include/c++/v1
 /mnt/d/android-ndk-r21e/toolchains/llvm/prebuilt/linux-x86_64/sysroot/usr/local/include
 /mnt/d/android-ndk-r21e/toolchains/llvm/prebuilt/linux-x86_64/lib64/clang/9.0.9/include
 /mnt/d/android-ndk-r21e/toolchains/llvm/prebuilt/linux-x86_64/sysroot/usr/include/aarch64-linux-android
 /mnt/d/android-ndk-r21e/toolchains/llvm/prebuilt/linux-x86_64/sysroot/usr/include
End of search list.
Linking CXX executable cmTC_237da
/usr/local/bin/cmake -E cmake_link_script CMakeFiles/cmTC_237da.dir/link.txt --verbose=1
/mnt/d/android-ndk-r21e/toolchains/llvm/prebuilt/linux-x86_64/bin/clang++ --target=aarch64-none-linux-android24 --gcc-toolchain=/mnt/d/android-ndk-r21e/toolchains/llvm/prebuilt/linux-x86_64 --sysroot=/mnt/d/android-ndk-r21e/toolchains/llvm/prebuilt/linux-x86_64/sysroot -g -DANDROID -fdata-sections -ffunction-sections -funwind-tables -fstack-protector-strong -no-canonical-prefixes -D_FORTIFY_SOURCE=2 -Wformat    -Wl,--exclude-libs,libgcc.a -Wl,--exclude-libs,libgcc_real.a -Wl,--exclude-libs,libatomic.a -static-libstdc++ -Wl,--build-id -Wl,--fatal-warnings -Wl,--no-undefined -Qunused-arguments -Wl,--gc-sections  -v CMakeFiles/cmTC_237da.dir/CMakeCXXCompilerABI.cpp.o -o cmTC_237da 
Android (7019983 based on r365631c3) clang version 9.0.9 (https://android.googlesource.com/toolchain/llvm-project a2a1e703c0edb03ba29944e529ccbf457742737b) (based on LLVM 9.0.9svn)
Target: aarch64-none-linux-android24
Thread model: posix
InstalledDir: /mnt/d/android-ndk-r21e/toolchains/llvm/prebuilt/linux-x86_64/bin
Found candidate GCC installation: /mnt/d/android-ndk-r21e/toolchains/llvm/prebuilt/linux-x86_64/lib/gcc/aarch64-linux-android/4.9.x
Selected GCC installation: /mnt/d/android-ndk-r21e/toolchains/llvm/prebuilt/linux-x86_64/lib/gcc/aarch64-linux-android/4.9.x
Candidate multilib: .;@m64
Selected multilib: .;@m64
 "/mnt/d/android-ndk-r21e/toolchains/llvm/prebuilt/linux-x86_64/lib/gcc/aarch64-linux-android/4.9.x/../../../../aarch64-linux-android/bin/ld" --sysroot=/mnt/d/android-ndk-r21e/toolchains/llvm/prebuilt/linux-x86_64/sysroot -pie -z noexecstack -EL --fix-cortex-a53-843419 --warn-shared-textrel -z now -z relro -z max-page-size=4096 --hash-style=gnu --enable-new-dtags --eh-frame-hdr -m aarch64linux -dynamic-linker /system/bin/linker64 -o cmTC_237da /mnt/d/android-ndk-r21e/toolchains/llvm/prebuilt/linux-x86_64/sysroot/usr/lib/aarch64-linux-android/24/crtbegin_dynamic.o -L/mnt/d/android-ndk-r21e/toolchains/llvm/prebuilt/linux-x86_64/lib64/clang/9.0.9/lib/linux/aarch64 -L/mnt/d/android-ndk-r21e/toolchains/llvm/prebuilt/linux-x86_64/lib/gcc/aarch64-linux-android/4.9.x -L/mnt/d/android-ndk-r21e/toolchains/llvm/prebuilt/linux-x86_64/lib/gcc/aarch64-linux-android/4.9.x/../../../../aarch64-linux-android/lib/../lib64 -L/mnt/d/android-ndk-r21e/toolchains/llvm/prebuilt/linux-x86_64/sysroot/usr/lib/aarch64-linux-android/24 -L/mnt/d/android-ndk-r21e/toolchains/llvm/prebuilt/linux-x86_64/sysroot/usr/lib/aarch64-linux-android -L/mnt/d/android-ndk-r21e/toolchains/llvm/prebuilt/linux-x86_64/lib/gcc/aarch64-linux-android/4.9.x/../../../../aarch64-linux-android/lib -L/mnt/d/android-ndk-r21e/toolchains/llvm/prebuilt/linux-x86_64/sysroot/usr/lib --exclude-libs libgcc.a --exclude-libs libgcc_real.a --exclude-libs libatomic.a --build-id --fatal-warnings --no-undefined --gc-sections CMakeFiles/cmTC_237da.dir/CMakeCXXCompilerABI.cpp.o -Bstatic -lc++ -Bdynamic -lm -lgcc -ldl -lc -lgcc -ldl /mnt/d/android-ndk-r21e/toolchains/llvm/prebuilt/linux-x86_64/sysroot/usr/lib/aarch64-linux-android/24/crtend_android.o
make[1]: Leaving directory '/mnt/h/mlsd_postprocess/srccpp/rkbuild/CMakeFiles/CMakeTmp'



Parsed CXX implicit include dir info from above output: rv=done
  found start of include info
  found start of implicit include info
    add: [/mnt/d/android-ndk-r21e/toolchains/llvm/prebuilt/linux-x86_64/sysroot/usr/include/c++/v1]
    add: [/mnt/d/android-ndk-r21e/toolchains/llvm/prebuilt/linux-x86_64/sysroot/usr/local/include]
    add: [/mnt/d/android-ndk-r21e/toolchains/llvm/prebuilt/linux-x86_64/lib64/clang/9.0.9/include]
    add: [/mnt/d/android-ndk-r21e/toolchains/llvm/prebuilt/linux-x86_64/sysroot/usr/include/aarch64-linux-android]
    add: [/mnt/d/android-ndk-r21e/toolchains/llvm/prebuilt/linux-x86_64/sysroot/usr/include]
  end of search list found
  collapse include dir [/mnt/d/android-ndk-r21e/toolchains/llvm/prebuilt/linux-x86_64/sysroot/usr/include/c++/v1] ==> [/mnt/d/android-ndk-r21e/toolchains/llvm/prebuilt/linux-x86_64/sysroot/usr/include/c++/v1]
  collapse include dir [/mnt/d/android-ndk-r21e/toolchains/llvm/prebuilt/linux-x86_64/sysroot/usr/local/include] ==> [/mnt/d/android-ndk-r21e/toolchains/llvm/prebuilt/linux-x86_64/sysroot/usr/local/include]
  collapse include dir [/mnt/d/android-ndk-r21e/toolchains/llvm/prebuilt/linux-x86_64/lib64/clang/9.0.9/include] ==> [/mnt/d/android-ndk-r21e/toolchains/llvm/prebuilt/linux-x86_64/lib64/clang/9.0.9/include]
  collapse include dir [/mnt/d/android-ndk-r21e/toolchains/llvm/prebuilt/linux-x86_64/sysroot/usr/include/aarch64-linux-android] ==> [/mnt/d/android-ndk-r21e/toolchains/llvm/prebuilt/linux-x86_64/sysroot/usr/include/aarch64-linux-android]
  collapse include dir [/mnt/d/android-ndk-r21e/toolchains/llvm/prebuilt/linux-x86_64/sysroot/usr/include] ==> [/mnt/d/android-ndk-r21e/toolchains/llvm/prebuilt/linux-x86_64/sysroot/usr/include]
  implicit include dirs: [/mnt/d/android-ndk-r21e/toolchains/llvm/prebuilt/linux-x86_64/sysroot/usr/include/c++/v1;/mnt/d/android-ndk-r21e/toolchains/llvm/prebuilt/linux-x86_64/sysroot/usr/local/include;/mnt/d/android-ndk-r21e/toolchains/llvm/prebuilt/linux-x86_64/lib64/clang/9.0.9/include;/mnt/d/android-ndk-r21e/toolchains/llvm/prebuilt/linux-x86_64/sysroot/usr/include/aarch64-linux-android;/mnt/d/android-ndk-r21e/toolchains/llvm/prebuilt/linux-x86_64/sysroot/usr/include]


Parsed CXX implicit link information from above output:
  link line regex: [^( *|.*[/\])(ld\.lld|CMAKE_LINK_STARTFILE-NOTFOUND|([^/\]+-)?ld|collect2)[^/\]*( |$)]
  ignore line: [Change Dir: /mnt/h/mlsd_postprocess/srccpp/rkbuild/CMakeFiles/CMakeTmp]
  ignore line: []
  ignore line: [Run Build Command(s):/usr/bin/make -f Makefile cmTC_237da/fast && /usr/bin/make  -f CMakeFiles/cmTC_237da.dir/build.make CMakeFiles/cmTC_237da.dir/build]
  ignore line: [make[1]: Entering directory '/mnt/h/mlsd_postprocess/srccpp/rkbuild/CMakeFiles/CMakeTmp']
  ignore line: [Building CXX object CMakeFiles/cmTC_237da.dir/CMakeCXXCompilerABI.cpp.o]
  ignore line: [/mnt/d/android-ndk-r21e/toolchains/llvm/prebuilt/linux-x86_64/bin/clang++ --target=aarch64-none-linux-android24 --gcc-toolchain=/mnt/d/android-ndk-r21e/toolchains/llvm/prebuilt/linux-x86_64 --sysroot=/mnt/d/android-ndk-r21e/toolchains/llvm/prebuilt/linux-x86_64/sysroot   -g -DANDROID -fdata-sections -ffunction-sections -funwind-tables -fstack-protector-strong -no-canonical-prefixes -D_FORTIFY_SOURCE=2 -Wformat    -fPIE   -v -MD -MT CMakeFiles/cmTC_237da.dir/CMakeCXXCompilerABI.cpp.o -MF CMakeFiles/cmTC_237da.dir/CMakeCXXCompilerABI.cpp.o.d -o CMakeFiles/cmTC_237da.dir/CMakeCXXCompilerABI.cpp.o -c /usr/local/share/cmake-3.22/Modules/CMakeCXXCompilerABI.cpp]
  ignore line: [Android (7019983 based on r365631c3) clang version 9.0.9 (https://android.googlesource.com/toolchain/llvm-project a2a1e703c0edb03ba29944e529ccbf457742737b) (based on LLVM 9.0.9svn)]
  ignore line: [Target: aarch64-none-linux-android24]
  ignore line: [Thread model: posix]
  ignore line: [InstalledDir: /mnt/d/android-ndk-r21e/toolchains/llvm/prebuilt/linux-x86_64/bin]
  ignore line: [Found candidate GCC installation: /mnt/d/android-ndk-r21e/toolchains/llvm/prebuilt/linux-x86_64/lib/gcc/aarch64-linux-android/4.9.x]
  ignore line: [Selected GCC installation: /mnt/d/android-ndk-r21e/toolchains/llvm/prebuilt/linux-x86_64/lib/gcc/aarch64-linux-android/4.9.x]
  ignore line: [Candidate multilib: .]
  ignore line: [@m64]
  ignore line: [Selected multilib: .]
  ignore line: [@m64]
  ignore line: [ "/mnt/d/android-ndk-r21e/toolchains/llvm/prebuilt/linux-x86_64/bin/clang++" -cc1 -triple aarch64-none-linux-android24 -emit-obj -mrelax-all -mnoexecstack -disable-free -disable-llvm-verifier -discard-value-names -main-file-name CMakeCXXCompilerABI.cpp -mrelocation-model pic -pic-level 2 -pic-is-pie -mthread-model posix -mdisable-fp-elim -masm-verbose -mconstructor-aliases -munwind-tables -fuse-init-array -target-cpu generic -target-feature +neon -target-abi aapcs -mllvm -aarch64-fix-cortex-a53-835769=1 -fallow-half-arguments-and-returns -dwarf-column-info -debug-info-kind=limited -dwarf-version=4 -debugger-tuning=gdb -v -ffunction-sections -fdata-sections -coverage-notes-file /mnt/h/mlsd_postprocess/srccpp/rkbuild/CMakeFiles/CMakeTmp/CMakeFiles/cmTC_237da.dir/CMakeCXXCompilerABI.cpp.gcno -resource-dir /mnt/d/android-ndk-r21e/toolchains/llvm/prebuilt/linux-x86_64/lib64/clang/9.0.9 -dependency-file CMakeFiles/cmTC_237da.dir/CMakeCXXCompilerABI.cpp.o.d -sys-header-deps -MT CMakeFiles/cmTC_237da.dir/CMakeCXXCompilerABI.cpp.o -D ANDROID -D _FORTIFY_SOURCE=2 -isysroot /mnt/d/android-ndk-r21e/toolchains/llvm/prebuilt/linux-x86_64/sysroot -internal-isystem /mnt/d/android-ndk-r21e/toolchains/llvm/prebuilt/linux-x86_64/sysroot/usr/include/c++/v1 -internal-isystem /mnt/d/android-ndk-r21e/toolchains/llvm/prebuilt/linux-x86_64/sysroot/usr/local/include -internal-isystem /mnt/d/android-ndk-r21e/toolchains/llvm/prebuilt/linux-x86_64/lib64/clang/9.0.9/include -internal-externc-isystem /mnt/d/android-ndk-r21e/toolchains/llvm/prebuilt/linux-x86_64/sysroot/usr/include/aarch64-linux-android -internal-externc-isystem /mnt/d/android-ndk-r21e/toolchains/llvm/prebuilt/linux-x86_64/sysroot/include -internal-externc-isystem /mnt/d/android-ndk-r21e/toolchains/llvm/prebuilt/linux-x86_64/sysroot/usr/include -Wformat -fdeprecated-macro -fdebug-compilation-dir /mnt/h/mlsd_postprocess/srccpp/rkbuild/CMakeFiles/CMakeTmp -ferror-limit 19 -fmessage-length 0 -stack-protector 2 -fno-signed-char -fobjc-runtime=gcc -fcxx-exceptions -fexceptions -fdiagnostics-show-option -o CMakeFiles/cmTC_237da.dir/CMakeCXXCompilerABI.cpp.o -x c++ /usr/local/share/cmake-3.22/Modules/CMakeCXXCompilerABI.cpp]
  ignore line: [clang -cc1 version 9.0.9 based upon LLVM 9.0.9svn default target x86_64-unknown-linux-gnu]
  ignore line: [ignoring nonexistent directory "/mnt/d/android-ndk-r21e/toolchains/llvm/prebuilt/linux-x86_64/sysroot/include"]
  ignore line: [#include "..." search starts here:]
  ignore line: [#include <...> search starts here:]
  ignore line: [ /mnt/d/android-ndk-r21e/toolchains/llvm/prebuilt/linux-x86_64/sysroot/usr/include/c++/v1]
  ignore line: [ /mnt/d/android-ndk-r21e/toolchains/llvm/prebuilt/linux-x86_64/sysroot/usr/local/include]
  ignore line: [ /mnt/d/android-ndk-r21e/toolchains/llvm/prebuilt/linux-x86_64/lib64/clang/9.0.9/include]
  ignore line: [ /mnt/d/android-ndk-r21e/toolchains/llvm/prebuilt/linux-x86_64/sysroot/usr/include/aarch64-linux-android]
  ignore line: [ /mnt/d/android-ndk-r21e/toolchains/llvm/prebuilt/linux-x86_64/sysroot/usr/include]
  ignore line: [End of search list.]
  ignore line: [Linking CXX executable cmTC_237da]
  ignore line: [/usr/local/bin/cmake -E cmake_link_script CMakeFiles/cmTC_237da.dir/link.txt --verbose=1]
  ignore line: [/mnt/d/android-ndk-r21e/toolchains/llvm/prebuilt/linux-x86_64/bin/clang++ --target=aarch64-none-linux-android24 --gcc-toolchain=/mnt/d/android-ndk-r21e/toolchains/llvm/prebuilt/linux-x86_64 --sysroot=/mnt/d/android-ndk-r21e/toolchains/llvm/prebuilt/linux-x86_64/sysroot -g -DANDROID -fdata-sections -ffunction-sections -funwind-tables -fstack-protector-strong -no-canonical-prefixes -D_FORTIFY_SOURCE=2 -Wformat    -Wl --exclude-libs libgcc.a -Wl --exclude-libs libgcc_real.a -Wl --exclude-libs libatomic.a -static-libstdc++ -Wl --build-id -Wl --fatal-warnings -Wl --no-undefined -Qunused-arguments -Wl --gc-sections  -v CMakeFiles/cmTC_237da.dir/CMakeCXXCompilerABI.cpp.o -o cmTC_237da ]
  ignore line: [Android (7019983 based on r365631c3) clang version 9.0.9 (https://android.googlesource.com/toolchain/llvm-project a2a1e703c0edb03ba29944e529ccbf457742737b) (based on LLVM 9.0.9svn)]
  ignore line: [Target: aarch64-none-linux-android24]
  ignore line: [Thread model: posix]
  ignore line: [InstalledDir: /mnt/d/android-ndk-r21e/toolchains/llvm/prebuilt/linux-x86_64/bin]
  ignore line: [Found candidate GCC installation: /mnt/d/android-ndk-r21e/toolchains/llvm/prebuilt/linux-x86_64/lib/gcc/aarch64-linux-android/4.9.x]
  ignore line: [Selected GCC installation: /mnt/d/android-ndk-r21e/toolchains/llvm/prebuilt/linux-x86_64/lib/gcc/aarch64-linux-android/4.9.x]
  ignore line: [Candidate multilib: .]
  ignore line: [@m64]
  ignore line: [Selected multilib: .]
  ignore line: [@m64]
  link line: [ "/mnt/d/android-ndk-r21e/toolchains/llvm/prebuilt/linux-x86_64/lib/gcc/aarch64-linux-android/4.9.x/../../../../aarch64-linux-android/bin/ld" --sysroot=/mnt/d/android-ndk-r21e/toolchains/llvm/prebuilt/linux-x86_64/sysroot -pie -z noexecstack -EL --fix-cortex-a53-843419 --warn-shared-textrel -z now -z relro -z max-page-size=4096 --hash-style=gnu --enable-new-dtags --eh-frame-hdr -m aarch64linux -dynamic-linker /system/bin/linker64 -o cmTC_237da /mnt/d/android-ndk-r21e/toolchains/llvm/prebuilt/linux-x86_64/sysroot/usr/lib/aarch64-linux-android/24/crtbegin_dynamic.o -L/mnt/d/android-ndk-r21e/toolchains/llvm/prebuilt/linux-x86_64/lib64/clang/9.0.9/lib/linux/aarch64 -L/mnt/d/android-ndk-r21e/toolchains/llvm/prebuilt/linux-x86_64/lib/gcc/aarch64-linux-android/4.9.x -L/mnt/d/android-ndk-r21e/toolchains/llvm/prebuilt/linux-x86_64/lib/gcc/aarch64-linux-android/4.9.x/../../../../aarch64-linux-android/lib/../lib64 -L/mnt/d/android-ndk-r21e/toolchains/llvm/prebuilt/linux-x86_64/sysroot/usr/lib/aarch64-linux-android/24 -L/mnt/d/android-ndk-r21e/toolchains/llvm/prebuilt/linux-x86_64/sysroot/usr/lib/aarch64-linux-android -L/mnt/d/android-ndk-r21e/toolchains/llvm/prebuilt/linux-x86_64/lib/gcc/aarch64-linux-android/4.9.x/../../../../aarch64-linux-android/lib -L/mnt/d/android-ndk-r21e/toolchains/llvm/prebuilt/linux-x86_64/sysroot/usr/lib --exclude-libs libgcc.a --exclude-libs libgcc_real.a --exclude-libs libatomic.a --build-id --fatal-warnings --no-undefined --gc-sections CMakeFiles/cmTC_237da.dir/CMakeCXXCompilerABI.cpp.o -Bstatic -lc++ -Bdynamic -lm -lgcc -ldl -lc -lgcc -ldl /mnt/d/android-ndk-r21e/toolchains/llvm/prebuilt/linux-x86_64/sysroot/usr/lib/aarch64-linux-android/24/crtend_android.o]
    arg [/mnt/d/android-ndk-r21e/toolchains/llvm/prebuilt/linux-x86_64/lib/gcc/aarch64-linux-android/4.9.x/../../../../aarch64-linux-android/bin/ld] ==> ignore
    arg [--sysroot=/mnt/d/android-ndk-r21e/toolchains/llvm/prebuilt/linux-x86_64/sysroot] ==> ignore
    arg [-pie] ==> ignore
    arg [-znoexecstack] ==> ignore
    arg [-EL] ==> ignore
    arg [--fix-cortex-a53-843419] ==> ignore
    arg [--warn-shared-textrel] ==> ignore
    arg [-znow] ==> ignore
    arg [-zrelro] ==> ignore
    arg [-zmax-page-size=4096] ==> ignore
    arg [--hash-style=gnu] ==> ignore
    arg [--enable-new-dtags] ==> ignore
    arg [--eh-frame-hdr] ==> ignore
    arg [-m] ==> ignore
    arg [aarch64linux] ==> ignore
    arg [-dynamic-linker] ==> ignore
    arg [/system/bin/linker64] ==> ignore
    arg [-o] ==> ignore
    arg [cmTC_237da] ==> ignore
    arg [/mnt/d/android-ndk-r21e/toolchains/llvm/prebuilt/linux-x86_64/sysroot/usr/lib/aarch64-linux-android/24/crtbegin_dynamic.o] ==> obj [/mnt/d/android-ndk-r21e/toolchains/llvm/prebuilt/linux-x86_64/sysroot/usr/lib/aarch64-linux-android/24/crtbegin_dynamic.o]
    arg [-L/mnt/d/android-ndk-r21e/toolchains/llvm/prebuilt/linux-x86_64/lib64/clang/9.0.9/lib/linux/aarch64] ==> dir [/mnt/d/android-ndk-r21e/toolchains/llvm/prebuilt/linux-x86_64/lib64/clang/9.0.9/lib/linux/aarch64]
    arg [-L/mnt/d/android-ndk-r21e/toolchains/llvm/prebuilt/linux-x86_64/lib/gcc/aarch64-linux-android/4.9.x] ==> dir [/mnt/d/android-ndk-r21e/toolchains/llvm/prebuilt/linux-x86_64/lib/gcc/aarch64-linux-android/4.9.x]
    arg [-L/mnt/d/android-ndk-r21e/toolchains/llvm/prebuilt/linux-x86_64/lib/gcc/aarch64-linux-android/4.9.x/../../../../aarch64-linux-android/lib/../lib64] ==> dir [/mnt/d/android-ndk-r21e/toolchains/llvm/prebuilt/linux-x86_64/lib/gcc/aarch64-linux-android/4.9.x/../../../../aarch64-linux-android/lib/../lib64]
    arg [-L/mnt/d/android-ndk-r21e/toolchains/llvm/prebuilt/linux-x86_64/sysroot/usr/lib/aarch64-linux-android/24] ==> dir [/mnt/d/android-ndk-r21e/toolchains/llvm/prebuilt/linux-x86_64/sysroot/usr/lib/aarch64-linux-android/24]
    arg [-L/mnt/d/android-ndk-r21e/toolchains/llvm/prebuilt/linux-x86_64/sysroot/usr/lib/aarch64-linux-android] ==> dir [/mnt/d/android-ndk-r21e/toolchains/llvm/prebuilt/linux-x86_64/sysroot/usr/lib/aarch64-linux-android]
    arg [-L/mnt/d/android-ndk-r21e/toolchains/llvm/prebuilt/linux-x86_64/lib/gcc/aarch64-linux-android/4.9.x/../../../../aarch64-linux-android/lib] ==> dir [/mnt/d/android-ndk-r21e/toolchains/llvm/prebuilt/linux-x86_64/lib/gcc/aarch64-linux-android/4.9.x/../../../../aarch64-linux-android/lib]
    arg [-L/mnt/d/android-ndk-r21e/toolchains/llvm/prebuilt/linux-x86_64/sysroot/usr/lib] ==> dir [/mnt/d/android-ndk-r21e/toolchains/llvm/prebuilt/linux-x86_64/sysroot/usr/lib]
    arg [--exclude-libs] ==> ignore
    arg [libgcc.a] ==> ignore
    arg [--exclude-libs] ==> ignore
    arg [libgcc_real.a] ==> ignore
    arg [--exclude-libs] ==> ignore
    arg [libatomic.a] ==> ignore
    arg [--build-id] ==> ignore
    arg [--fatal-warnings] ==> ignore
    arg [--no-undefined] ==> ignore
    arg [--gc-sections] ==> ignore
    arg [CMakeFiles/cmTC_237da.dir/CMakeCXXCompilerABI.cpp.o] ==> ignore
    arg [-Bstatic] ==> search static
    arg [-lc++] ==> lib [c++]
    arg [-Bdynamic] ==> search dynamic
    arg [-lm] ==> lib [m]
    arg [-lgcc] ==> lib [gcc]
    arg [-ldl] ==> lib [dl]
    arg [-lc] ==> lib [c]
    arg [-lgcc] ==> lib [gcc]
    arg [-ldl] ==> lib [dl]
    arg [/mnt/d/android-ndk-r21e/toolchains/llvm/prebuilt/linux-x86_64/sysroot/usr/lib/aarch64-linux-android/24/crtend_android.o] ==> obj [/mnt/d/android-ndk-r21e/toolchains/llvm/prebuilt/linux-x86_64/sysroot/usr/lib/aarch64-linux-android/24/crtend_android.o]
  collapse library dir [/mnt/d/android-ndk-r21e/toolchains/llvm/prebuilt/linux-x86_64/lib64/clang/9.0.9/lib/linux/aarch64] ==> [/mnt/d/android-ndk-r21e/toolchains/llvm/prebuilt/linux-x86_64/lib64/clang/9.0.9/lib/linux/aarch64]
  collapse library dir [/mnt/d/android-ndk-r21e/toolchains/llvm/prebuilt/linux-x86_64/lib/gcc/aarch64-linux-android/4.9.x] ==> [/mnt/d/android-ndk-r21e/toolchains/llvm/prebuilt/linux-x86_64/lib/gcc/aarch64-linux-android/4.9.x]
  collapse library dir [/mnt/d/android-ndk-r21e/toolchains/llvm/prebuilt/linux-x86_64/lib/gcc/aarch64-linux-android/4.9.x/../../../../aarch64-linux-android/lib/../lib64] ==> [/mnt/d/android-ndk-r21e/toolchains/llvm/prebuilt/linux-x86_64/aarch64-linux-android/lib64]
  collapse library dir [/mnt/d/android-ndk-r21e/toolchains/llvm/prebuilt/linux-x86_64/sysroot/usr/lib/aarch64-linux-android/24] ==> [/mnt/d/android-ndk-r21e/toolchains/llvm/prebuilt/linux-x86_64/sysroot/usr/lib/aarch64-linux-android/24]
  collapse library dir [/mnt/d/android-ndk-r21e/toolchains/llvm/prebuilt/linux-x86_64/sysroot/usr/lib/aarch64-linux-android] ==> [/mnt/d/android-ndk-r21e/toolchains/llvm/prebuilt/linux-x86_64/sysroot/usr/lib/aarch64-linux-android]
  collapse library dir [/mnt/d/android-ndk-r21e/toolchains/llvm/prebuilt/linux-x86_64/lib/gcc/aarch64-linux-android/4.9.x/../../../../aarch64-linux-android/lib] ==> [/mnt/d/android-ndk-r21e/toolchains/llvm/prebuilt/linux-x86_64/aarch64-linux-android/lib]
  collapse library dir [/mnt/d/android-ndk-r21e/toolchains/llvm/prebuilt/linux-x86_64/sysroot/usr/lib] ==> [/mnt/d/android-ndk-r21e/toolchains/llvm/prebuilt/linux-x86_64/sysroot/usr/lib]
  implicit libs: [c++;m;gcc;dl;c;gcc;dl]
  implicit objs: [/mnt/d/android-ndk-r21e/toolchains/llvm/prebuilt/linux-x86_64/sysroot/usr/lib/aarch64-linux-android/24/crtbegin_dynamic.o;/mnt/d/android-ndk-r21e/toolchains/llvm/prebuilt/linux-x86_64/sysroot/usr/lib/aarch64-linux-android/24/crtend_android.o]
  implicit dirs: [/mnt/d/android-ndk-r21e/toolchains/llvm/prebuilt/linux-x86_64/lib64/clang/9.0.9/lib/linux/aarch64;/mnt/d/android-ndk-r21e/toolchains/llvm/prebuilt/linux-x86_64/lib/gcc/aarch64-linux-android/4.9.x;/mnt/d/android-ndk-r21e/toolchains/llvm/prebuilt/linux-x86_64/aarch64-linux-android/lib64;/mnt/d/android-ndk-r21e/toolchains/llvm/prebuilt/linux-x86_64/sysroot/usr/lib/aarch64-linux-android/24;/mnt/d/android-ndk-r21e/toolchains/llvm/prebuilt/linux-x86_64/sysroot/usr/lib/aarch64-linux-android;/mnt/d/android-ndk-r21e/toolchains/llvm/prebuilt/linux-x86_64/aarch64-linux-android/lib;/mnt/d/android-ndk-r21e/toolchains/llvm/prebuilt/linux-x86_64/sysroot/usr/lib]
  implicit fwks: []


